  vm.cpp
c:\users\user\documents\visual studio 2015\projects\zenvm_redesign\zenvm_redesign\runtime\vm.cpp(112): warning C4244: '=': conversion from 'uint64_t' to 'unsigned long', possible loss of data
c:\users\user\documents\visual studio 2015\projects\zenvm_redesign\zenvm_redesign\runtime\vm.cpp(185): warning C4244: 'argument': conversion from 'std::streamoff' to 'const unsigned long', possible loss of data
c:\users\user\documents\visual studio 2015\projects\zenvm_redesign\zenvm_redesign\runtime\vm.cpp(276): warning C4244: 'argument': conversion from 'std::streamoff' to 'unsigned long', possible loss of data
c:\users\user\documents\visual studio 2015\projects\zenvm_redesign\zenvm_redesign\runtime\value.h(46): warning C4800: 'const double': forcing value to bool 'true' or 'false' (performance warning)
  c:\users\user\documents\visual studio 2015\projects\zenvm_redesign\zenvm_redesign\runtime\value.h(266): note: see reference to function template instantiation 'bool zenith::ValueUtil::changeType<bool>(boost::any &)' being compiled
  c:\users\user\documents\visual studio 2015\projects\zenvm_redesign\zenvm_redesign\runtime\vm.cpp(347): note: see reference to function template instantiation 'T zenith::Value::getData<bool>(void)' being compiled
          with
          [
              T=bool
          ]
c:\users\user\documents\visual studio 2015\projects\zenvm_redesign\zenvm_redesign\runtime\value.h(54): warning C4800: 'const long double': forcing value to bool 'true' or 'false' (performance warning)
c:\users\user\documents\visual studio 2015\projects\zenvm_redesign\zenvm_redesign\runtime\value.h(63): warning C4800: 'const float': forcing value to bool 'true' or 'false' (performance warning)
c:\users\user\documents\visual studio 2015\projects\zenvm_redesign\zenvm_redesign\runtime\value.h(81): warning C4800: 'const int': forcing value to bool 'true' or 'false' (performance warning)
c:\users\user\documents\visual studio 2015\projects\zenvm_redesign\zenvm_redesign\runtime\value.h(90): warning C4800: 'const unsigned int': forcing value to bool 'true' or 'false' (performance warning)
c:\users\user\documents\visual studio 2015\projects\zenvm_redesign\zenvm_redesign\runtime\value.h(99): warning C4800: 'const short': forcing value to bool 'true' or 'false' (performance warning)
c:\users\user\documents\visual studio 2015\projects\zenvm_redesign\zenvm_redesign\runtime\value.h(108): warning C4800: 'const unsigned short': forcing value to bool 'true' or 'false' (performance warning)
c:\users\user\documents\visual studio 2015\projects\zenvm_redesign\zenvm_redesign\runtime\value.h(117): warning C4800: 'const char': forcing value to bool 'true' or 'false' (performance warning)
c:\users\user\documents\visual studio 2015\projects\zenvm_redesign\zenvm_redesign\runtime\value.h(126): warning C4800: 'const unsigned char': forcing value to bool 'true' or 'false' (performance warning)
c:\users\user\documents\visual studio 2015\projects\zenvm_redesign\zenvm_redesign\runtime\value.h(135): warning C4800: 'const long': forcing value to bool 'true' or 'false' (performance warning)
c:\users\user\documents\visual studio 2015\projects\zenvm_redesign\zenvm_redesign\runtime\value.h(144): warning C4800: 'const unsigned long': forcing value to bool 'true' or 'false' (performance warning)
c:\users\user\documents\visual studio 2015\projects\zenvm_redesign\zenvm_redesign\runtime\value.h(153): warning C4800: 'const __int64': forcing value to bool 'true' or 'false' (performance warning)
c:\users\user\documents\visual studio 2015\projects\zenvm_redesign\zenvm_redesign\runtime\value.h(161): warning C4800: 'const unsigned __int64': forcing value to bool 'true' or 'false' (performance warning)
  main.cpp
  Generating Code...
  ZenVM_redesign.vcxproj -> C:\Users\User\documents\visual studio 2015\Projects\ZenVM_redesign\Debug\ZenVM_redesign.exe
